Determining if the pthread_create exist failed with the following output:
Change Dir: /home/ros/IEEE/src/build/CMakeFiles/CMakeTmp

Run Build Command:"/usr/bin/make" "cmTC_08a38/fast"
/usr/bin/make -f CMakeFiles/cmTC_08a38.dir/build.make CMakeFiles/cmTC_08a38.dir/build
make[1]: Entering directory '/home/ros/IEEE/src/build/CMakeFiles/CMakeTmp'
Building C object CMakeFiles/cmTC_08a38.dir/CheckSymbolExists.c.o
/usr/bin/gcc-7    -o CMakeFiles/cmTC_08a38.dir/CheckSymbolExists.c.o   -c /home/ros/IEEE/src/build/CMakeFiles/CMakeTmp/CheckSymbolExists.c
Linking C executable cmTC_08a38
/usr/bin/cmake -E cmake_link_script CMakeFiles/cmTC_08a38.dir/link.txt --verbose=1
/usr/bin/gcc-7      -rdynamic CMakeFiles/cmTC_08a38.dir/CheckSymbolExists.c.o  -o cmTC_08a38 
CMakeFiles/cmTC_08a38.dir/CheckSymbolExists.c.o: In function `main':
CheckSymbolExists.c:(.text+0x1b): undefined reference to `pthread_create'
collect2: error: ld returned 1 exit status
CMakeFiles/cmTC_08a38.dir/build.make:97: recipe for target 'cmTC_08a38' failed
make[1]: *** [cmTC_08a38] Error 1
make[1]: Leaving directory '/home/ros/IEEE/src/build/CMakeFiles/CMakeTmp'
Makefile:126: recipe for target 'cmTC_08a38/fast' failed
make: *** [cmTC_08a38/fast] Error 2

File /home/ros/IEEE/src/build/CMakeFiles/CMakeTmp/CheckSymbolExists.c:
/* */
#include <pthread.h>

int main(int argc, char** argv)
{
  (void)argv;
#ifndef pthread_create
  return ((int*)(&pthread_create))[argc];
#else
  (void)argc;
  return 0;
#endif
}

Determining if the function pthread_create exists in the pthreads failed with the following output:
Change Dir: /home/ros/IEEE/src/build/CMakeFiles/CMakeTmp

Run Build Command:"/usr/bin/make" "cmTC_8e174/fast"
/usr/bin/make -f CMakeFiles/cmTC_8e174.dir/build.make CMakeFiles/cmTC_8e174.dir/build
make[1]: Entering directory '/home/ros/IEEE/src/build/CMakeFiles/CMakeTmp'
Building C object CMakeFiles/cmTC_8e174.dir/CheckFunctionExists.c.o
/usr/bin/gcc-7   -DCHECK_FUNCTION_EXISTS=pthread_create   -o CMakeFiles/cmTC_8e174.dir/CheckFunctionExists.c.o   -c /usr/share/cmake-3.10/Modules/CheckFunctionExists.c
Linking C executable cmTC_8e174
/usr/bin/cmake -E cmake_link_script CMakeFiles/cmTC_8e174.dir/link.txt --verbose=1
/usr/bin/gcc-7  -DCHECK_FUNCTION_EXISTS=pthread_create    -rdynamic CMakeFiles/cmTC_8e174.dir/CheckFunctionExists.c.o  -o cmTC_8e174 -lpthreads 
/usr/bin/ld: cannot find -lpthreads
collect2: error: ld returned 1 exit status
CMakeFiles/cmTC_8e174.dir/build.make:97: recipe for target 'cmTC_8e174' failed
make[1]: *** [cmTC_8e174] Error 1
make[1]: Leaving directory '/home/ros/IEEE/src/build/CMakeFiles/CMakeTmp'
Makefile:126: recipe for target 'cmTC_8e174/fast' failed
make: *** [cmTC_8e174/fast] Error 2


